[debug] [2021-06-11T01:27:05.023Z] ----------------------------------------------------------------------
[debug] [2021-06-11T01:27:05.024Z] Command:       /usr/local/bin/firebase /home/ed/.cache/firebase/tools/lib/node_modules/firebase-tools/lib/bin/firebase init
[debug] [2021-06-11T01:27:05.024Z] CLI Version:   9.12.1
[debug] [2021-06-11T01:27:05.024Z] Platform:      linux
[debug] [2021-06-11T01:27:05.024Z] Node Version:  v12.18.1
[debug] [2021-06-11T01:27:05.025Z] Time:          Fri Jun 11 2021 02:27:05 GMT+0100 (Irish Standard Time)
[debug] [2021-06-11T01:27:05.025Z] ----------------------------------------------------------------------
[debug] 
[debug] [2021-06-11T01:27:05.029Z] > command requires scopes: ["email","openid","https://www.googleapis.com/auth/cloudplatformprojects.readonly","https://www.googleapis.com/auth/firebase","https://www.googleapis.com/auth/cloud-platform"]
[debug] [2021-06-11T01:27:05.029Z] > authorizing via signed-in user (edwardcunningham0@gmail.com)
[info] 
     ######## #### ########  ######## ########     ###     ######  ########
     ##        ##  ##     ## ##       ##     ##  ##   ##  ##       ##
     ######    ##  ########  ######   ########  #########  ######  ######
     ##        ##  ##    ##  ##       ##     ## ##     ##       ## ##
     ##       #### ##     ## ######## ########  ##     ##  ######  ########

You're about to initialize a Firebase project in this directory:

  /home/ed/ed.ie

[info] 
=== Project Setup
[info] 
[info] First, let's associate this project directory with a Firebase project.
[info] You can create multiple project aliases by running firebase use --add, 
[info] but for now we'll just set up a default project.
[info] 
[debug] [2021-06-11T01:29:17.412Z] >>> [apiv2][query] GET https://firebase.googleapis.com/v1beta1/projects pageSize=100
[debug] [2021-06-11T01:29:17.734Z] <<< [apiv2][status] GET https://firebase.googleapis.com/v1beta1/projects 200
[debug] [2021-06-11T01:29:17.734Z] <<< [apiv2][body] GET https://firebase.googleapis.com/v1beta1/projects [omitted]
[info] i  Using project mywebsite2021-correct (mywebsite2021-correct) 
[info] 
=== Hosting Setup
[info] 
[info] Your public directory is the folder (relative to your project directory) that
[info] will contain Hosting assets to be uploaded with firebase deploy. If you
[info] have a build process for your assets, use your build's output directory.
[info] 
[debug] [2021-06-11T01:31:28.239Z] >>> [apiv2][query] GET https://www.gstatic.com/firebasejs/releases.json [none]
[debug] [2021-06-11T01:31:28.354Z] <<< [apiv2][status] GET https://www.gstatic.com/firebasejs/releases.json 200
[debug] [2021-06-11T01:31:28.355Z] <<< [apiv2][body] GET https://www.gstatic.com/firebasejs/releases.json {"current":{"version":"8.6.7","browserURL":"https://www.gstatic.com/firebasejs/8.6.7/firebase.js","packageURL":"https://www.gstatic.com/firebasejs/8.6.7/firebase.tgz"},"live":{"version":"8.6","browserURL":"https://www.gstatic.com/firebasejs/live/8.6/firebase.js","packageURL":"https://www.gstatic.com/firebasejs/live/8.6/firebase.tgz"},"components":{"analytics":"https://www.gstatic.com/firebasejs/8.6.7/firebase-analytics.js","app":"https://www.gstatic.com/firebasejs/8.6.7/firebase-app.js","app-check":"https://www.gstatic.com/firebasejs/8.6.7/firebase-app-check.js","auth":"https://www.gstatic.com/firebasejs/8.6.7/firebase-auth.js","database":"https://www.gstatic.com/firebasejs/8.6.7/firebase-database.js","firestore":"https://www.gstatic.com/firebasejs/8.6.7/firebase-firestore.js","functions":"https://www.gstatic.com/firebasejs/8.6.7/firebase-functions.js","installations":"https://www.gstatic.com/firebasejs/8.6.7/firebase-installations.js","messaging":"https://www.gstatic.com/firebasejs/8.6.7/firebase-messaging.js","storage":"https://www.gstatic.com/firebasejs/8.6.7/firebase-storage.js","performance":"https://www.gstatic.com/firebasejs/8.6.7/firebase-performance.js","remote-config":"https://www.gstatic.com/firebasejs/8.6.7/firebase-remote-config.js","firestore.memory":"https://www.gstatic.com/firebasejs/8.6.7/firebase-firestore.memory.js"}}
[info] i  Skipping write of public/index.html 
[info] 
[info] i  Didn't detect a .git folder. Assuming /home/ed/ed.ie is the project root. 
[info] i  Authorizing with GitHub to upload your service account to a GitHub repository's secrets store. 
[info] 
[info] Visit this URL on this device to log in:
[info] https://github.com/login/oauth/authorize?client_id=89cf50f02ac6aaed3484&state=326480630&redirect_uri=http%3A%2F%2Flocalhost%3A9005&scope=read%3Auser%20repo%20public_repo
[info] 
[info] Waiting for authentication...
[debug] [2021-06-11T01:31:48.971Z] >>> HTTP REQUEST POST https://github.com/login/oauth/access_token  
 {"client_id":"89cf50f02ac6aaed3484","client_secret":"3330d14abc895d9a74d5f17cd7a00711fa2c5bf0","code":"4d2e34e27e1b5c651881","redirect_uri":"http://localhost:9005","state":"326480630"}
[debug] [2021-06-11T01:31:49.319Z] <<< HTTP RESPONSE 200 {"server":"GitHub.com","date":"Fri, 11 Jun 2021 01:31:49 GMT","content-type":"application/json; charset=utf-8","transfer-encoding":"chunked","vary":"X-PJAX, Accept-Encoding, Accept, X-Requested-With","permissions-policy":"interest-cohort=()","etag":"W/\"5dd198403b6a474c260a088320d57337\"","cache-control":"max-age=0, private, must-revalidate","strict-transport-security":"max-age=31536000; includeSubdomains; preload","x-frame-options":"deny","x-content-type-options":"nosniff","x-xss-protection":"0","referrer-policy":"origin-when-cross-origin, strict-origin-when-cross-origin","expect-ct":"max-age=2592000, report-uri=\"https://api.github.com/_private/browser/errors\"","content-security-policy":"default-src 'none'; base-uri 'self'; block-all-mixed-content; connect-src 'self' uploads.github.com www.githubstatus.com collector.githubapp.com api.github.com github-cloud.s3.amazonaws.com github-production-repository-file-5c1aeb.s3.amazonaws.com github-production-upload-manifest-file-7fdce7.s3.amazonaws.com github-production-user-asset-6210df.s3.amazonaws.com html-translator.herokuapp.com cdn.optimizely.com logx.optimizely.com/v1/events wss://alive.github.com; font-src github.githubassets.com; form-action 'self' github.com gist.github.com; frame-ancestors 'none'; frame-src render.githubusercontent.com; img-src 'self' data: github.githubassets.com identicons.github.com collector.githubapp.com github-cloud.s3.amazonaws.com secured-user-images.githubusercontent.com/ *.githubusercontent.com; manifest-src 'self'; media-src 'none'; script-src github.githubassets.com; style-src 'unsafe-inline' github.githubassets.com; worker-src github.com/socket-worker-3f088aa2.js gist.github.com/socket-worker-3f088aa2.js","x-github-request-id":"C57E:32E2:3E2C48A:3FD0C90:60C2BD05"}
[debug] [2021-06-11T01:31:49.327Z] >>> [apiv2][query] GET https://api.github.com/user [none]
[debug] [2021-06-11T01:31:49.671Z] <<< [apiv2][status] GET https://api.github.com/user 200
[debug] [2021-06-11T01:31:49.672Z] <<< [apiv2][body] GET https://api.github.com/user {"login":"starsareblood","id":25972742,"node_id":"MDQ6VXNlcjI1OTcyNzQy","avatar_url":"https://avatars.githubusercontent.com/u/25972742?v=4","gravatar_id":"","url":"https://api.github.com/users/starsareblood","html_url":"https://github.com/starsareblood","followers_url":"https://api.github.com/users/starsareblood/followers","following_url":"https://api.github.com/users/starsareblood/following{/other_user}","gists_url":"https://api.github.com/users/starsareblood/gists{/gist_id}","starred_url":"https://api.github.com/users/starsareblood/starred{/owner}{/repo}","subscriptions_url":"https://api.github.com/users/starsareblood/subscriptions","organizations_url":"https://api.github.com/users/starsareblood/orgs","repos_url":"https://api.github.com/users/starsareblood/repos","events_url":"https://api.github.com/users/starsareblood/events{/privacy}","received_events_url":"https://api.github.com/users/starsareblood/received_events","type":"User","site_admin":false,"name":"ed","company":null,"blog":"","location":null,"email":null,"hireable":null,"bio":null,"twitter_username":null,"public_repos":2,"public_gists":0,"followers":0,"following":7,"created_at":"2017-02-23T05:28:41Z","updated_at":"2021-06-11T01:31:48Z","private_gists":0,"total_private_repos":0,"owned_private_repos":0,"disk_usage":12,"collaborators":0,"two_factor_authentication":false,"plan":{"name":"free","space":976562499,"collaborators":0,"private_repos":10000}}
[info] 
[info] ✔  Success! Logged into GitHub as starsareblood 
[info] 
[debug] [2021-06-11T01:32:46.478Z] >>> [apiv2][query] GET https://api.github.com/repos/repository/actions/secrets/public-key type=owner
[debug] [2021-06-11T01:32:46.773Z] <<< [apiv2][status] GET https://api.github.com/repos/repository/actions/secrets/public-key 404
[debug] [2021-06-11T01:32:46.773Z] <<< [apiv2][body] GET https://api.github.com/repos/repository/actions/secrets/public-key {"message":"Not Found","documentation_url":"https://docs.github.com/rest"}
[debug] [2021-06-11T01:34:37.656Z] >>> [apiv2][query] GET https://api.github.com/repos/e-fada-d.ie/actions/secrets/public-key type=owner
[debug] [2021-06-11T01:34:37.972Z] <<< [apiv2][status] GET https://api.github.com/repos/e-fada-d.ie/actions/secrets/public-key 404
[debug] [2021-06-11T01:34:37.972Z] <<< [apiv2][body] GET https://api.github.com/repos/e-fada-d.ie/actions/secrets/public-key {"message":"Not Found","documentation_url":"https://docs.github.com/rest"}
[debug] [2021-06-11T01:34:42.555Z] >>> [apiv2][query] GET https://api.github.com/repos//actions/secrets/public-key type=owner
[debug] [2021-06-11T01:34:42.845Z] <<< [apiv2][status] GET https://api.github.com/repos//actions/secrets/public-key 404
[debug] [2021-06-11T01:34:42.845Z] <<< [apiv2][body] GET https://api.github.com/repos//actions/secrets/public-key {"message":"Not Found","documentation_url":"https://docs.github.com/rest"}
[debug] [2021-06-11T01:34:43.191Z] >>> [apiv2][query] GET https://api.github.com/repos//actions/secrets/public-key type=owner
[debug] [2021-06-11T01:34:43.372Z] >>> [apiv2][query] GET https://api.github.com/repos//actions/secrets/public-key type=owner
[debug] [2021-06-11T01:34:43.475Z] <<< [apiv2][status] GET https://api.github.com/repos//actions/secrets/public-key 404
[debug] [2021-06-11T01:34:43.476Z] <<< [apiv2][body] GET https://api.github.com/repos//actions/secrets/public-key {"message":"Not Found","documentation_url":"https://docs.github.com/rest"}
[debug] [2021-06-11T01:34:43.663Z] <<< [apiv2][status] GET https://api.github.com/repos//actions/secrets/public-key 404
[debug] [2021-06-11T01:34:43.663Z] <<< [apiv2][body] GET https://api.github.com/repos//actions/secrets/public-key {"message":"Not Found","documentation_url":"https://docs.github.com/rest"}
[debug] [2021-06-11T01:34:53.150Z] >>> [apiv2][query] GET https://api.github.com/repos/e-fada-d.ie/actions/secrets/public-key type=owner
[debug] [2021-06-11T01:34:53.433Z] <<< [apiv2][status] GET https://api.github.com/repos/e-fada-d.ie/actions/secrets/public-key 404
[debug] [2021-06-11T01:34:53.434Z] <<< [apiv2][body] GET https://api.github.com/repos/e-fada-d.ie/actions/secrets/public-key {"message":"Not Found","documentation_url":"https://docs.github.com/rest"}
[debug] [2021-06-11T01:35:19.023Z] >>> [apiv2][query] GET https://api.github.com/repos/-d.ie/actions/secrets/public-key type=owner
[debug] [2021-06-11T01:35:19.322Z] <<< [apiv2][status] GET https://api.github.com/repos/-d.ie/actions/secrets/public-key 404
[debug] [2021-06-11T01:35:19.322Z] <<< [apiv2][body] GET https://api.github.com/repos/-d.ie/actions/secrets/public-key {"message":"Not Found","documentation_url":"https://docs.github.com/rest"}
[debug] [2021-06-11T01:35:33.010Z] >>> [apiv2][query] GET https://api.github.com/repos/-d.ie/actions/secrets/public-key type=owner
[debug] [2021-06-11T01:35:33.284Z] <<< [apiv2][status] GET https://api.github.com/repos/-d.ie/actions/secrets/public-key 404
[debug] [2021-06-11T01:35:33.284Z] <<< [apiv2][body] GET https://api.github.com/repos/-d.ie/actions/secrets/public-key {"message":"Not Found","documentation_url":"https://docs.github.com/rest"}
[debug] [2021-06-11T01:35:34.830Z] >>> [apiv2][query] GET https://api.github.com/repos//actions/secrets/public-key type=owner
[debug] [2021-06-11T01:35:34.994Z] >>> [apiv2][query] GET https://api.github.com/repos//actions/secrets/public-key type=owner
[debug] [2021-06-11T01:35:35.117Z] <<< [apiv2][status] GET https://api.github.com/repos//actions/secrets/public-key 404
[debug] [2021-06-11T01:35:35.118Z] <<< [apiv2][body] GET https://api.github.com/repos//actions/secrets/public-key {"message":"Not Found","documentation_url":"https://docs.github.com/rest"}
[debug] [2021-06-11T01:35:35.154Z] >>> [apiv2][query] GET https://api.github.com/repos//actions/secrets/public-key type=owner
[debug] [2021-06-11T01:35:35.270Z] <<< [apiv2][status] GET https://api.github.com/repos//actions/secrets/public-key 404
[debug] [2021-06-11T01:35:35.271Z] <<< [apiv2][body] GET https://api.github.com/repos//actions/secrets/public-key {"message":"Not Found","documentation_url":"https://docs.github.com/rest"}
[debug] [2021-06-11T01:35:35.322Z] >>> [apiv2][query] GET https://api.github.com/repos//actions/secrets/public-key type=owner
[debug] [2021-06-11T01:35:35.429Z] <<< [apiv2][status] GET https://api.github.com/repos//actions/secrets/public-key 404
[debug] [2021-06-11T01:35:35.429Z] <<< [apiv2][body] GET https://api.github.com/repos//actions/secrets/public-key {"message":"Not Found","documentation_url":"https://docs.github.com/rest"}
[debug] [2021-06-11T01:35:35.590Z] <<< [apiv2][status] GET https://api.github.com/repos//actions/secrets/public-key 404
[debug] [2021-06-11T01:35:35.591Z] <<< [apiv2][body] GET https://api.github.com/repos//actions/secrets/public-key {"message":"Not Found","documentation_url":"https://docs.github.com/rest"}
